Copyright 1986-2022 Xilinx, Inc. All Rights Reserved.
--------------------------------------------------------------------------------------------------------------------------------------------------------------------------------------
| Tool Version : Vivado v.2022.1 (win64) Build 3526262 Mon Apr 18 15:48:16 MDT 2022
| Date         : Fri May 26 10:44:51 2023
| Host         : LaptopBo running 64-bit major release  (build 9200)
| Command      : report_methodology -file design_1_wrapper_methodology_drc_routed.rpt -pb design_1_wrapper_methodology_drc_routed.pb -rpx design_1_wrapper_methodology_drc_routed.rpx
| Design       : design_1_wrapper
| Device       : xc7z020clg400-1
| Speed File   : -1
| Design State : Fully Routed
--------------------------------------------------------------------------------------------------------------------------------------------------------------------------------------

Report Methodology

Table of Contents
-----------------
1. REPORT SUMMARY
2. REPORT DETAILS

1. REPORT SUMMARY
-----------------
            Netlist: netlist
          Floorplan: design_1
      Design limits: <entire design considered>
             Max violations: <unlimited>
             Violations found: 25
+-----------+----------+-------------------------------+------------+
| Rule      | Severity | Description                   | Violations |
+-----------+----------+-------------------------------+------------+
| TIMING-18 | Warning  | Missing input or output delay | 25         |
+-----------+----------+-------------------------------+------------+

2. REPORT DETAILS
-----------------
TIMING-18#1 Warning
Missing input or output delay  
An input delay is missing on GPIO_0_tri_io[0] relative to clock(s) clk_fpga_0
Related violations: <none>

TIMING-18#2 Warning
Missing input or output delay  
An input delay is missing on GPIO_0_tri_io[1] relative to clock(s) clk_fpga_0
Related violations: <none>

TIMING-18#3 Warning
Missing input or output delay  
An input delay is missing on GPIO_0_tri_io[2] relative to clock(s) clk_fpga_0
Related violations: <none>

TIMING-18#4 Warning
Missing input or output delay  
An input delay is missing on GPIO_0_tri_io[3] relative to clock(s) clk_fpga_0
Related violations: <none>

TIMING-18#5 Warning
Missing input or output delay  
An input delay is missing on GPIO_0_tri_io[4] relative to clock(s) clk_fpga_0
Related violations: <none>

TIMING-18#6 Warning
Missing input or output delay  
An input delay is missing on arduino_a0_a5_tri_io[0] relative to clock(s) clk_fpga_0
Related violations: <none>

TIMING-18#7 Warning
Missing input or output delay  
An input delay is missing on arduino_a0_a5_tri_io[1] relative to clock(s) clk_fpga_0
Related violations: <none>

TIMING-18#8 Warning
Missing input or output delay  
An input delay is missing on arduino_a0_a5_tri_io[2] relative to clock(s) clk_fpga_0
Related violations: <none>

TIMING-18#9 Warning
Missing input or output delay  
An input delay is missing on arduino_a0_a5_tri_io[3] relative to clock(s) clk_fpga_0
Related violations: <none>

TIMING-18#10 Warning
Missing input or output delay  
An input delay is missing on arduino_a0_a5_tri_io[4] relative to clock(s) clk_fpga_0
Related violations: <none>

TIMING-18#11 Warning
Missing input or output delay  
An input delay is missing on arduino_a0_a5_tri_io[5] relative to clock(s) clk_fpga_0
Related violations: <none>

TIMING-18#12 Warning
Missing input or output delay  
An input delay is missing on arduino_ar0_ar13_tri_io[0] relative to clock(s) clk_fpga_0
Related violations: <none>

TIMING-18#13 Warning
Missing input or output delay  
An input delay is missing on arduino_ar0_ar13_tri_io[10] relative to clock(s) clk_fpga_0
Related violations: <none>

TIMING-18#14 Warning
Missing input or output delay  
An input delay is missing on arduino_ar0_ar13_tri_io[11] relative to clock(s) clk_fpga_0
Related violations: <none>

TIMING-18#15 Warning
Missing input or output delay  
An input delay is missing on arduino_ar0_ar13_tri_io[12] relative to clock(s) clk_fpga_0
Related violations: <none>

TIMING-18#16 Warning
Missing input or output delay  
An input delay is missing on arduino_ar0_ar13_tri_io[13] relative to clock(s) clk_fpga_0
Related violations: <none>

TIMING-18#17 Warning
Missing input or output delay  
An input delay is missing on arduino_ar0_ar13_tri_io[1] relative to clock(s) clk_fpga_0
Related violations: <none>

TIMING-18#18 Warning
Missing input or output delay  
An input delay is missing on arduino_ar0_ar13_tri_io[2] relative to clock(s) clk_fpga_0
Related violations: <none>

TIMING-18#19 Warning
Missing input or output delay  
An input delay is missing on arduino_ar0_ar13_tri_io[3] relative to clock(s) clk_fpga_0
Related violations: <none>

TIMING-18#20 Warning
Missing input or output delay  
An input delay is missing on arduino_ar0_ar13_tri_io[4] relative to clock(s) clk_fpga_0
Related violations: <none>

TIMING-18#21 Warning
Missing input or output delay  
An input delay is missing on arduino_ar0_ar13_tri_io[5] relative to clock(s) clk_fpga_0
Related violations: <none>

TIMING-18#22 Warning
Missing input or output delay  
An input delay is missing on arduino_ar0_ar13_tri_io[6] relative to clock(s) clk_fpga_0
Related violations: <none>

TIMING-18#23 Warning
Missing input or output delay  
An input delay is missing on arduino_ar0_ar13_tri_io[7] relative to clock(s) clk_fpga_0
Related violations: <none>

TIMING-18#24 Warning
Missing input or output delay  
An input delay is missing on arduino_ar0_ar13_tri_io[8] relative to clock(s) clk_fpga_0
Related violations: <none>

TIMING-18#25 Warning
Missing input or output delay  
An input delay is missing on arduino_ar0_ar13_tri_io[9] relative to clock(s) clk_fpga_0
Related violations: <none>


